<?xml version="1.0" encoding="UTF-8"?>
<!-- Generated by org.testng.reporters.JUnitReportReporter -->
<testsuite hostname="DESKTOP-O4RO0A0" failures="0" tests="1" name="coms.VerifyDataDrivenAccountCreation" time="24.879" errors="0" timestamp="2021-11-27T01:07:33 PST" skipped="0">
  <testcase classname="coms.VerifyDataDrivenAccountCreation" name="accountCreation" time="24.879"/>
  <system-out/>
</testsuite> <!-- coms.VerifyDataDrivenAccountCreation -->
