<?xml version="1.0" encoding="UTF-8"?>
<!-- Generated by org.testng.reporters.JUnitReportReporter -->
<testsuite hostname="DESKTOP-O4RO0A0" failures="0" tests="1" name="coms.VerifyCountryNull" time="8.622" errors="0" timestamp="2021-11-26T23:09:32 PST" skipped="0">
  <testcase classname="coms.VerifyCountryNull" name="accountCreation" time="8.622"/>
  <system-out/>
</testsuite> <!-- coms.VerifyCountryNull -->
