<?xml version="1.0" encoding="UTF-8"?>
<!-- Generated by org.testng.reporters.JUnitReportReporter -->
<testsuite hostname="DESKTOP-O4RO0A0" failures="0" tests="1" name="coms.VerifyCreateAccount" time="8.429" errors="0" timestamp="2021-11-25T12:52:26 PST" skipped="0">
  <testcase classname="coms.VerifyCreateAccount" name="accountCreation" time="8.429"/>
  <system-out/>
</testsuite> <!-- coms.VerifyCreateAccount -->
