<?xml version="1.0" encoding="UTF-8"?>
<!-- Generated by org.testng.reporters.JUnitReportReporter -->
<testsuite hostname="DESKTOP-O4RO0A0" failures="0" tests="1" name="coms.VerifyWrongPassword" time="3.840" errors="0" timestamp="2021-11-27T00:07:28 PST" skipped="0">
  <testcase classname="coms.VerifyWrongPassword" name="DoSignIn" time="3.840"/>
  <system-out/>
</testsuite> <!-- coms.VerifyWrongPassword -->
