<?xml version="1.0" encoding="UTF-8"?>
<!-- Generated by org.testng.reporters.JUnitReportReporter -->
<testsuite hostname="DESKTOP-O4RO0A0" failures="0" tests="1" name="coms.VerifyPlaceOrder" time="32.084" errors="0" timestamp="2021-11-26T21:42:22 PST" skipped="0">
  <testcase classname="coms.VerifyPlaceOrder" name="testReview" time="32.084"/>
  <system-out/>
</testsuite> <!-- coms.VerifyPlaceOrder -->
