<?xml version="1.0" encoding="UTF-8"?>
<!-- Generated by org.testng.reporters.JUnitReportReporter -->
<testsuite hostname="DESKTOP-O4RO0A0" failures="0" tests="1" name="coms.ApplicationClass" time="1.385" errors="0" timestamp="2021-11-24T22:36:02 PST" skipped="0">
  <testcase classname="coms.ApplicationClass" name="verifyInvalidLogin" time="1.385"/>
  <system-out/>
</testsuite> <!-- coms.ApplicationClass -->
