<?xml version="1.0" encoding="UTF-8"?>
<!-- Generated by org.testng.reporters.JUnitReportReporter -->
<testsuite hostname="DESKTOP-O4RO0A0" failures="0" tests="1" name="coms.VerifyFacebookShare" time="12.102" errors="0" timestamp="2021-11-25T23:15:27 PST" skipped="0">
  <testcase classname="coms.VerifyFacebookShare" name="shareFaceBook" time="12.102"/>
  <system-out/>
</testsuite> <!-- coms.VerifyFacebookShare -->
