<?xml version="1.0" encoding="UTF-8"?>
<!-- Generated by org.testng.reporters.JUnitReportReporter -->
<testsuite hostname="DESKTOP-O4RO0A0" failures="0" tests="1" name="coms.VerifyPostalCodeNull" time="9.973" errors="0" timestamp="2021-11-26T23:03:19 PST" skipped="0">
  <testcase classname="coms.VerifyPostalCodeNull" name="accountCreation" time="9.973"/>
  <system-out/>
</testsuite> <!-- coms.VerifyPostalCodeNull -->
