<?xml version="1.0" encoding="UTF-8"?>
<!-- Generated by org.testng.reporters.JUnitReportReporter -->
<testsuite hostname="DESKTOP-O4RO0A0" failures="0" tests="1" name="coms.VerifySignIn" time="5.064" errors="0" timestamp="2021-11-25T14:07:58 PST" skipped="0">
  <testcase classname="coms.VerifySignIn" name="DoSignIn" time="5.064"/>
  <system-out/>
</testsuite> <!-- coms.VerifySignIn -->
